Configuring binary-orphans-0.1.5.1...
Building binary-orphans-0.1.5.1...
Preprocessing library binary-orphans-0.1.5.1...
[1 of 1] Compiling Data.Binary.Orphans ( src/Data/Binary/Orphans.hs, .stack-work/dist/x86_64-linux/Cabal-1.24.2.0/build/Data/Binary/Orphans.o )

src/Data/Binary/Orphans.hs:36:1: warning: [-Wunused-imports]
    The import of ‘liftM, mzero’
    from module ‘Control.Monad’ is redundant

src/Data/Binary/Orphans.hs:38:1: warning: [-Wunused-imports]
    The import of ‘Data.Bits’ is redundant
      except perhaps to import instances from ‘Data.Bits’
    To import instances alone, use: import Data.Bits()

src/Data/Binary/Orphans.hs:45:1: warning: [-Wunused-imports]
    The import of ‘Data.List’ is redundant
      except perhaps to import instances from ‘Data.List’
    To import instances alone, use: import Data.List()

src/Data/Binary/Orphans.hs:52:1: warning: [-Wunused-imports]
    The qualified import of ‘Data.Void’ is redundant
      except perhaps to import instances from ‘Data.Void’
    To import instances alone, use: import Data.Void()

src/Data/Binary/Orphans.hs:53:1: warning: [-Wunused-imports]
    The import of ‘Numeric.Natural’ is redundant
      except perhaps to import instances from ‘Numeric.Natural’
    To import instances alone, use: import Numeric.Natural()
Installing library in
/home/ggunn/.stack/snapshots/x86_64-linux/lts-7.13/8.0.1/lib/x86_64-linux-ghc-8.0.1/binary-orphans-0.1.5.1-FmkPpsRpwi8QjVFOnWXR0
Registering binary-orphans-0.1.5.1...
